22:49:33>422 [main] INFO  api.test.UserTests - ****CreteUser
22:51:10>609 [main] INFO  api.test.UserTests - ****CreteUser****2083999882brynn.bayerCecilleGoldner
22:53:39>384 [main] INFO  api.test.UserTests - CreteUser  payloadid: 2095064787Username: anibal.baumbachFirst name: Dean
22:54:34>120 [main] INFO  api.test.UserTests - CreteUser  payload: id: 609656250 Username: raymond.larkin First name: Chad
22:59:03>530 [main] INFO  api.test.UserTests - CreteUser  payload: id= 2083999882, Username= vera.barrows, First name= Allene, Phone=
20:56:46>737 [main] INFO  api.test.UserTests - CreteUser  payload: id= 105374791, Username= latisha.steuber, First name= Katrina, Phone=
21:22:07>389 [main] INFO  api.test.UserTests2 - CreteUser  payload: id= 611520720, Username= linsey.cruickshank, First name= Vena, Phone=
21:23:38>589 [main] INFO  api.test.UserTests2 - CreteUser  payload: id= 2114289475, Username= martin.bednar, First name= Aisha, Phone=
21:24:42>330 [main] INFO  api.test.UserTests2 - CreteUser  payload: id= 725680028, Username= val.becker, First name= Rocco, Phone=
21:28:11>018 [main] INFO  api.test.UserTests2 - CreteUser  payload: id= 2083999882, Username= nadene.kassulke, First name= Sheldon, Phone=
21:29:21>443 [main] INFO  api.test.UserTests2 - CreteUser  payload: id= 1904783235, Username= wilbert.lowe, First name= Nathaniel, Phone=
22:04:16>941 [main] INFO  api.test.UserTests2 - CreteUser  payload: id= 1497377679, Username= elvera.pagac, First name= Jani, Phone=
22:16:08>994 [main] INFO  api.test.UserTests2 - CreteUser  payload: id= 511707818, Username= oralia.green, First name= Kalyn, Phone=
22:17:14>924 [main] INFO  api.test.UserTests2 - CreteUser  payload: id= 511707818, Username= brady.weissnat, First name= Sina, Phone=
22:17:24>394 [main] INFO  api.test.UserTests2 - CreteUser  payload: id= 1769190683, Username= chauncey.reinger, First name= Denver, Phone=
22:17:36>849 [main] INFO  api.test.UserTests2 - CreteUser  payload: id= 511707818, Username= sook.jacobs, First name= Erline, Phone=
22:18:01>746 [main] INFO  api.test.UserTests2 - CreteUser  payload: id= 1438098656, Username= elfreda.waelchi, First name= Randolph, Phone=
22:25:14>916 [main] INFO  api.test.UserTests2 - CreteUser  payload: id= 1997859171, Username= vernita.christiansen, First name= Spencer, Phone=
21:39:23>613 [main] INFO  api.test.UserTests2 - CreteUser  payload: id= 511707818, Username= kenneth.sporer, First name= Cleo, Phone=
21:42:46>845 [main] INFO  api.test.UserTests2 - CreteUser  payload: id= 511707818, Username= millard.kuhn, First name= Lita, Phone=
22:00:16>847 [main] INFO  api.test.UserTests2 - CreteUser  payload: id= 1888442711, Username= ronda.christiansen, First name= Asha, Phone=
22:10:09>583 [main] INFO  api.test.UserTests2 - CreteUser  payload: id= 1254344205, Username= donnell.adams, First name= Josh, Phone=
22:14:13>916 [main] INFO  api.test.UserTests2 - CreteUser  payload: id= 511707818, Username= leopoldo.heaney, First name= Rasheeda, Phone=
22:15:25>089 [main] INFO  api.test.UserTests2 - CreteUser  payload: id= 511707818, Username= rolf.cremin, First name= Reginald, Phone=
